0 verbose cli D:\Download\Nodejs\nodejs\node.exe D:\Download\Nodejs\nodejs\node_modules\npm\bin\npm-cli.js
1 info using npm@10.5.2
2 info using node@v20.13.1
3 timing npm:load:whichnode Completed in 1ms
4 timing config:load:defaults Completed in 1ms
5 timing config:load:file:D:\Download\Nodejs\nodejs\node_modules\npm\npmrc Completed in 2ms
6 timing config:load:builtin Completed in 2ms
7 timing config:load:cli Completed in 2ms
8 timing config:load:env Completed in 0ms
9 timing config:load:file:D:\private\Personal_Web\my-site\.npmrc Completed in 0ms
10 timing config:load:project Completed in 2ms
11 timing config:load:file:C:\Users\张浩民\.npmrc Completed in 1ms
12 timing config:load:user Completed in 1ms
13 timing config:load:file:C:\Users\张浩民\AppData\Roaming\npm\etc\npmrc Completed in 0ms
14 timing config:load:global Completed in 0ms
15 timing config:load:setEnvs Completed in 1ms
16 timing config:load Completed in 9ms
17 timing npm:load:configload Completed in 9ms
18 timing config:load:flatten Completed in 2ms
19 timing npm:load:mkdirpcache Completed in 0ms
20 timing npm:load:mkdirplogs Completed in 0ms
21 verbose title npm install @notionhq/client
22 verbose argv "install" "@notionhq/client"
23 timing npm:load:setTitle Completed in 1ms
24 timing npm:load:display Completed in 0ms
25 verbose logfile logs-max:10 dir:D:\private\Personal_Web\my-site\npm-cache\_logs\2026-03-02T03_26_53_492Z-
26 verbose logfile D:\private\Personal_Web\my-site\npm-cache\_logs\2026-03-02T03_26_53_492Z-debug-0.log
27 timing npm:load:logFile Completed in 2ms
28 timing npm:load:timers Completed in 0ms
29 timing npm:load:configScope Completed in 0ms
30 timing npm:load Completed in 40ms
31 timing arborist:ctor Completed in 0ms
32 silly logfile done cleaning log files
33 timing idealTree:init Completed in 129ms
34 timing idealTree:userRequests Completed in 1ms
35 silly idealTree buildDeps
36 silly fetch manifest @notionhq/client@^5.11.0
37 timing arborist:ctor Completed in 0ms
38 http fetch GET 200 https://registry.npmmirror.com/@notionhq%2fclient 1239ms (cache revalidated)
39 silly placeDep ROOT @notionhq/client@5.11.0 REPLACE for: my-site@0.1.0 want: ^5.11.0
40 timing idealTree:#root Completed in 1249ms
41 timing idealTree:node_modules/@notionhq/client Completed in 0ms
42 timing idealTree:node_modules/@tailwindcss/oxide-wasm32-wasi Completed in 0ms
43 timing idealTree:buildDeps Completed in 1250ms
44 timing idealTree:fixDepFlags Completed in 5ms
45 warn EBADENGINE Unsupported engine {
45 warn EBADENGINE   package: 'eslint-visitor-keys@5.0.1',
45 warn EBADENGINE   required: { node: '^20.19.0 || ^22.13.0 || >=24' },
45 warn EBADENGINE   current: { node: 'v20.13.1', npm: '10.5.2' }
45 warn EBADENGINE }
46 timing idealTree Completed in 1396ms
47 timing reify:loadTrees Completed in 1397ms
48 timing reify:diffTrees Completed in 8ms
49 silly reify moves {}
50 timing reify:retireShallow Completed in 0ms
51 timing reify:createSparse Completed in 11ms
52 verbose reify failed optional dependency D:\private\Personal_Web\my-site\node_modules\@tailwindcss\oxide-wasm32-wasi
53 silly reify mark deleted [
53 silly reify   'D:\\private\\Personal_Web\\my-site\\node_modules\\@tailwindcss\\oxide-wasm32-wasi'
53 silly reify ]
54 timing reifyNode:node_modules/@tailwindcss/oxide-wasm32-wasi Completed in 2ms
55 timing arborist:ctor Completed in 0ms
56 timing reify:diffTrees Completed in 4ms
57 timing reify:loadBundles Completed in 10ms
58 silly audit bulk request {
58 silly audit   '@alloc/quick-lru': [ '5.2.0' ],
58 silly audit   '@babel/code-frame': [ '7.29.0' ],
58 silly audit   '@babel/compat-data': [ '7.29.0' ],
58 silly audit   '@babel/core': [ '7.29.0' ],
58 silly audit   '@babel/generator': [ '7.29.1' ],
58 silly audit   '@babel/helper-compilation-targets': [ '7.28.6' ],
58 silly audit   '@babel/helper-globals': [ '7.28.0' ],
58 silly audit   '@babel/helper-module-imports': [ '7.28.6' ],
58 silly audit   '@babel/helper-module-transforms': [ '7.28.6' ],
58 silly audit   '@babel/helper-string-parser': [ '7.27.1' ],
58 silly audit   '@babel/helper-validator-identifier': [ '7.28.5' ],
58 silly audit   '@babel/helper-validator-option': [ '7.27.1' ],
58 silly audit   '@babel/helpers': [ '7.28.6' ],
58 silly audit   '@babel/parser': [ '7.29.0' ],
58 silly audit   '@babel/template': [ '7.28.6' ],
58 silly audit   '@babel/traverse': [ '7.29.0' ],
58 silly audit   '@babel/types': [ '7.29.0' ],
58 silly audit   '@emnapi/core': [ '1.8.1' ],
58 silly audit   '@emnapi/runtime': [ '1.8.1' ],
58 silly audit   '@emnapi/wasi-threads': [ '1.1.0' ],
58 silly audit   '@eslint-community/eslint-utils': [ '4.9.1' ],
58 silly audit   'eslint-visitor-keys': [ '3.4.3', '5.0.1', '4.2.1' ],
58 silly audit   '@eslint-community/regexpp': [ '4.12.2' ],
58 silly audit   '@eslint/config-array': [ '0.21.1' ],
58 silly audit   '@eslint/config-helpers': [ '0.4.2' ],
58 silly audit   '@eslint/core': [ '0.17.0' ],
58 silly audit   '@eslint/eslintrc': [ '3.3.4' ],
58 silly audit   '@eslint/js': [ '9.39.3' ],
58 silly audit   '@eslint/object-schema': [ '2.1.7' ],
58 silly audit   '@eslint/plugin-kit': [ '0.4.1' ],
58 silly audit   '@humanfs/core': [ '0.19.1' ],
58 silly audit   '@humanfs/node': [ '0.16.7' ],
58 silly audit   '@humanwhocodes/module-importer': [ '1.0.1' ],
58 silly audit   '@humanwhocodes/retry': [ '0.4.3' ],
58 silly audit   '@img/colour': [ '1.1.0' ],
58 silly audit   '@img/sharp-darwin-arm64': [ '0.34.5' ],
58 silly audit   '@img/sharp-darwin-x64': [ '0.34.5' ],
58 silly audit   '@img/sharp-libvips-darwin-arm64': [ '1.2.4' ],
58 silly audit   '@img/sharp-libvips-darwin-x64': [ '1.2.4' ],
58 silly audit   '@img/sharp-libvips-linux-arm': [ '1.2.4' ],
58 silly audit   '@img/sharp-libvips-linux-arm64': [ '1.2.4' ],
58 silly audit   '@img/sharp-libvips-linux-ppc64': [ '1.2.4' ],
58 silly audit   '@img/sharp-libvips-linux-riscv64': [ '1.2.4' ],
58 silly audit   '@img/sharp-libvips-linux-s390x': [ '1.2.4' ],
58 silly audit   '@img/sharp-libvips-linux-x64': [ '1.2.4' ],
58 silly audit   '@img/sharp-libvips-linuxmusl-arm64': [ '1.2.4' ],
58 silly audit   '@img/sharp-libvips-linuxmusl-x64': [ '1.2.4' ],
58 silly audit   '@img/sharp-linux-arm': [ '0.34.5' ],
58 silly audit   '@img/sharp-linux-arm64': [ '0.34.5' ],
58 silly audit   '@img/sharp-linux-ppc64': [ '0.34.5' ],
58 silly audit   '@img/sharp-linux-riscv64': [ '0.34.5' ],
58 silly audit   '@img/sharp-linux-s390x': [ '0.34.5' ],
58 silly audit   '@img/sharp-linux-x64': [ '0.34.5' ],
58 silly audit   '@img/sharp-linuxmusl-arm64': [ '0.34.5' ],
58 silly audit   '@img/sharp-linuxmusl-x64': [ '0.34.5' ],
58 silly audit   '@img/sharp-wasm32': [ '0.34.5' ],
58 silly audit   '@img/sharp-win32-arm64': [ '0.34.5' ],
58 silly audit   '@img/sharp-win32-ia32': [ '0.34.5' ],
58 silly audit   '@img/sharp-win32-x64': [ '0.34.5' ],
58 silly audit   '@jridgewell/gen-mapping': [ '0.3.13' ],
58 silly audit   '@jridgewell/remapping': [ '2.3.5' ],
58 silly audit   '@jridgewell/resolve-uri': [ '3.1.2' ],
58 silly audit   '@jridgewell/sourcemap-codec': [ '1.5.5' ],
58 silly audit   '@jridgewell/trace-mapping': [ '0.3.31' ],
58 silly audit   '@napi-rs/wasm-runtime': [ '0.2.12' ],
58 silly audit   '@next/env': [ '16.1.6' ],
58 silly audit   '@next/eslint-plugin-next': [ '16.1.6' ],
58 silly audit   '@next/swc-darwin-arm64': [ '16.1.6' ],
58 silly audit   '@next/swc-darwin-x64': [ '16.1.6' ],
58 silly audit   '@next/swc-linux-arm64-gnu': [ '16.1.6' ],
58 silly audit   '@next/swc-linux-arm64-musl': [ '16.1.6' ],
58 silly audit   '@next/swc-linux-x64-gnu': [ '16.1.6' ],
58 silly audit   '@next/swc-linux-x64-musl': [ '16.1.6' ],
58 silly audit   '@next/swc-win32-arm64-msvc': [ '16.1.6' ],
58 silly audit   '@next/swc-win32-x64-msvc': [ '16.1.6' ],
58 silly audit   '@nodelib/fs.scandir': [ '2.1.5' ],
58 silly audit   '@nodelib/fs.stat': [ '2.0.5' ],
58 silly audit   '@nodelib/fs.walk': [ '1.2.8' ],
58 silly audit   '@nolyfill/is-core-module': [ '1.0.39' ],
58 silly audit   '@rtsao/scc': [ '1.1.0' ],
58 silly audit   '@swc/helpers': [ '0.5.15' ],
58 silly audit   '@tailwindcss/node': [ '4.2.1' ],
58 silly audit   '@tailwindcss/oxide': [ '4.2.1' ],
58 silly audit   '@tailwindcss/oxide-android-arm64': [ '4.2.1' ],
58 silly audit   '@tailwindcss/oxide-darwin-arm64': [ '4.2.1' ],
58 silly audit   '@tailwindcss/oxide-darwin-x64': [ '4.2.1' ],
58 silly audit   '@tailwindcss/oxide-freebsd-x64': [ '4.2.1' ],
58 silly audit   '@tailwindcss/oxide-linux-arm-gnueabihf': [ '4.2.1' ],
58 silly audit   '@tailwindcss/oxide-linux-arm64-gnu': [ '4.2.1' ],
58 silly audit   '@tailwindcss/oxide-linux-arm64-musl': [ '4.2.1' ],
58 silly audit   '@tailwindcss/oxide-linux-x64-gnu': [ '4.2.1' ],
58 silly audit   '@tailwindcss/oxide-linux-x64-musl': [ '4.2.1' ],
58 silly audit   '@tailwindcss/oxide-win32-arm64-msvc': [ '4.2.1' ],
58 silly audit   '@tailwindcss/oxide-win32-x64-msvc': [ '4.2.1' ],
58 silly audit   '@tailwindcss/postcss': [ '4.2.1' ],
58 silly audit   '@tybys/wasm-util': [ '0.10.1' ],
58 silly audit   '@types/estree': [ '1.0.8' ],
58 silly audit   '@types/json-schema': [ '7.0.15' ],
58 silly audit   '@types/json5': [ '0.0.29' ],
58 silly audit   '@types/node': [ '20.19.35' ],
58 silly audit   '@types/react': [ '19.2.14' ],
58 silly audit   '@types/react-dom': [ '19.2.3' ],
58 silly audit   '@typescript-eslint/eslint-plugin': [ '8.56.1' ],
58 silly audit   ignore: [ '7.0.5', '5.3.2' ],
58 silly audit   '@typescript-eslint/parser': [ '8.56.1' ],
58 silly audit   '@typescript-eslint/project-service': [ '8.56.1' ],
58 silly audit   '@typescript-eslint/scope-manager': [ '8.56.1' ],
58 silly audit   '@typescript-eslint/tsconfig-utils': [ '8.56.1' ],
58 silly audit   '@typescript-eslint/type-utils': [ '8.56.1' ],
58 silly audit   '@typescript-eslint/types': [ '8.56.1' ],
58 silly audit   '@typescript-eslint/typescript-estree': [ '8.56.1' ],
58 silly audit   'balanced-match': [ '4.0.4', '1.0.2' ],
58 silly audit   'brace-expansion': [ '5.0.4', '1.1.12' ],
58 silly audit   minimatch: [ '10.2.4', '3.1.5' ],
58 silly audit   semver: [ '7.7.4', '6.3.1' ],
58 silly audit   '@typescript-eslint/utils': [ '8.56.1' ],
58 silly audit   '@typescript-eslint/visitor-keys': [ '8.56.1' ],
58 silly audit   '@unrs/resolver-binding-android-arm-eabi': [ '1.11.1' ],
58 silly audit   '@unrs/resolver-binding-android-arm64': [ '1.11.1' ],
58 silly audit   '@unrs/resolver-binding-darwin-arm64': [ '1.11.1' ],
58 silly audit   '@unrs/resolver-binding-darwin-x64': [ '1.11.1' ],
58 silly audit   '@unrs/resolver-binding-freebsd-x64': [ '1.11.1' ],
58 silly audit   '@unrs/resolver-binding-linux-arm-gnueabihf': [ '1.11.1' ],
58 silly audit   '@unrs/resolver-binding-linux-arm-musleabihf': [ '1.11.1' ],
58 silly audit   '@unrs/resolver-binding-linux-arm64-gnu': [ '1.11.1' ],
58 silly audit   '@unrs/resolver-binding-linux-arm64-musl': [ '1.11.1' ],
58 silly audit   '@unrs/resolver-binding-linux-ppc64-gnu': [ '1.11.1' ],
58 silly audit   '@unrs/resolver-binding-linux-riscv64-gnu': [ '1.11.1' ],
58 silly audit   '@unrs/resolver-binding-linux-riscv64-musl': [ '1.11.1' ],
58 silly audit   '@unrs/resolver-binding-linux-s390x-gnu': [ '1.11.1' ],
58 silly audit   '@unrs/resolver-binding-linux-x64-gnu': [ '1.11.1' ],
58 silly audit   '@unrs/resolver-binding-linux-x64-musl': [ '1.11.1' ],
58 silly audit   '@unrs/resolver-binding-wasm32-wasi': [ '1.11.1' ],
58 silly audit   '@unrs/resolver-binding-win32-arm64-msvc': [ '1.11.1' ],
58 silly audit   '@unrs/resolver-binding-win32-ia32-msvc': [ '1.11.1' ],
58 silly audit   '@unrs/resolver-binding-win32-x64-msvc': [ '1.11.1' ],
58 silly audit   acorn: [ '8.16.0' ],
58 silly audit   'acorn-jsx': [ '5.3.2' ],
58 silly audit   ajv: [ '6.14.0' ],
58 silly audit   'ansi-styles': [ '4.3.0' ],
58 silly audit   argparse: [ '2.0.1' ],
58 silly audit   'aria-query': [ '5.3.2' ],
58 silly audit   'array-buffer-byte-length': [ '1.0.2' ],
58 silly audit   'array-includes': [ '3.1.9' ],
58 silly audit   'array.prototype.findlast': [ '1.2.5' ],
58 silly audit   'array.prototype.findlastindex': [ '1.2.6' ],
58 silly audit   'array.prototype.flat': [ '1.3.3' ],
58 silly audit   'array.prototype.flatmap': [ '1.3.3' ],
58 silly audit   'array.prototype.tosorted': [ '1.1.4' ],
58 silly audit   'arraybuffer.prototype.slice': [ '1.0.4' ],
58 silly audit   'ast-types-flow': [ '0.0.8' ],
58 silly audit   'async-function': [ '1.0.0' ],
58 silly audit   'available-typed-arrays': [ '1.0.7' ],
58 silly audit   'axe-core': [ '4.11.1' ],
58 silly audit   'axobject-query': [ '4.1.0' ],
58 silly audit   'baseline-browser-mapping': [ '2.10.0' ],
58 silly audit   braces: [ '3.0.3' ],
58 silly audit   browserslist: [ '4.28.1' ],
58 silly audit   'call-bind': [ '1.0.8' ],
58 silly audit   'call-bind-apply-helpers': [ '1.0.2' ],
58 silly audit   'call-bound': [ '1.0.4' ],
58 silly audit   callsites: [ '3.1.0' ],
58 silly audit   'caniuse-lite': [ '1.0.30001775' ],
58 silly audit   chalk: [ '4.1.2' ],
58 silly audit   'client-only': [ '0.0.1' ],
58 silly audit   'color-convert': [ '2.0.1' ],
58 silly audit   'color-name': [ '1.1.4' ],
58 silly audit   'concat-map': [ '0.0.1' ],
58 silly audit   'convert-source-map': [ '2.0.0' ],
58 silly audit   'cross-spawn': [ '7.0.6' ],
58 silly audit   csstype: [ '3.2.3' ],
58 silly audit   'damerau-levenshtein': [ '1.0.8' ],
58 silly audit   'data-view-buffer': [ '1.0.2' ],
58 silly audit   'data-view-byte-length': [ '1.0.2' ],
58 silly audit   'data-view-byte-offset': [ '1.0.1' ],
58 silly audit   debug: [ '4.4.3', '3.2.7' ],
58 silly audit   'deep-is': [ '0.1.4' ],
58 silly audit   'define-data-property': [ '1.1.4' ],
58 silly audit   'define-properties': [ '1.2.1' ],
58 silly audit   'detect-libc': [ '2.1.2' ],
58 silly audit   doctrine: [ '2.1.0' ],
58 silly audit   'dunder-proto': [ '1.0.1' ],
58 silly audit   'electron-to-chromium': [ '1.5.302' ],
58 silly audit   'emoji-regex': [ '9.2.2' ],
58 silly audit   'enhanced-resolve': [ '5.20.0' ],
58 silly audit   'es-abstract': [ '1.24.1' ],
58 silly audit   'es-define-property': [ '1.0.1' ],
58 silly audit   'es-errors': [ '1.3.0' ],
58 silly audit   'es-iterator-helpers': [ '1.2.2' ],
58 silly audit   'es-object-atoms': [ '1.1.1' ],
58 silly audit   'es-set-tostringtag': [ '2.1.0' ],
58 silly audit   'es-shim-unscopables': [ '1.1.0' ],
58 silly audit   'es-to-primitive': [ '1.3.0' ],
58 silly audit   escalade: [ '3.2.0' ],
58 silly audit   'escape-string-regexp': [ '4.0.0' ],
58 silly audit   eslint: [ '9.39.3' ],
58 silly audit   'eslint-config-next': [ '16.1.6' ],
58 silly audit   globals: [ '16.4.0', '14.0.0' ],
58 silly audit   'eslint-import-resolver-node': [ '0.3.9' ],
58 silly audit   'eslint-import-resolver-typescript': [ '3.10.1' ],
58 silly audit   'eslint-module-utils': [ '2.12.1' ],
58 silly audit   'eslint-plugin-import': [ '2.32.0' ],
58 silly audit   'eslint-plugin-jsx-a11y': [ '6.10.2' ],
58 silly audit   'eslint-plugin-react': [ '7.37.5' ],
58 silly audit   'eslint-plugin-react-hooks': [ '7.0.1' ],
58 silly audit   resolve: [ '2.0.0-next.6', '1.22.11' ],
58 silly audit   'eslint-scope': [ '8.4.0' ],
58 silly audit   espree: [ '10.4.0' ],
58 silly audit   esquery: [ '1.7.0' ],
58 silly audit   esrecurse: [ '4.3.0' ],
58 silly audit   estraverse: [ '5.3.0' ],
58 silly audit   esutils: [ '2.0.3' ],
58 silly audit   'fast-deep-equal': [ '3.1.3' ],
58 silly audit   'fast-glob': [ '3.3.1' ],
58 silly audit   'glob-parent': [ '5.1.2', '6.0.2' ],
58 silly audit   'fast-json-stable-stringify': [ '2.1.0' ],
58 silly audit   'fast-levenshtein': [ '2.0.6' ],
58 silly audit   fastq: [ '1.20.1' ],
58 silly audit   'file-entry-cache': [ '8.0.0' ],
58 silly audit   'fill-range': [ '7.1.1' ],
58 silly audit   'find-up': [ '5.0.0' ],
58 silly audit   'flat-cache': [ '4.0.1' ],
58 silly audit   flatted: [ '3.3.3' ],
58 silly audit   'for-each': [ '0.3.5' ],
58 silly audit   'function-bind': [ '1.1.2' ],
58 silly audit   'function.prototype.name': [ '1.1.8' ],
58 silly audit   'functions-have-names': [ '1.2.3' ],
58 silly audit   'generator-function': [ '2.0.1' ],
58 silly audit   gensync: [ '1.0.0-beta.2' ],
58 silly audit   'get-intrinsic': [ '1.3.0' ],
58 silly audit   'get-proto': [ '1.0.1' ],
58 silly audit   'get-symbol-description': [ '1.1.0' ],
58 silly audit   'get-tsconfig': [ '4.13.6' ],
58 silly audit   globalthis: [ '1.0.4' ],
58 silly audit   gopd: [ '1.2.0' ],
58 silly audit   'graceful-fs': [ '4.2.11' ],
58 silly audit   'has-bigints': [ '1.1.0' ],
58 silly audit   'has-flag': [ '4.0.0' ],
58 silly audit   'has-property-descriptors': [ '1.0.2' ],
58 silly audit   'has-proto': [ '1.2.0' ],
58 silly audit   'has-symbols': [ '1.1.0' ],
58 silly audit   'has-tostringtag': [ '1.0.2' ],
58 silly audit   hasown: [ '2.0.2' ],
58 silly audit   'hermes-estree': [ '0.25.1' ],
58 silly audit   'hermes-parser': [ '0.25.1' ],
58 silly audit   'import-fresh': [ '3.3.1' ],
58 silly audit   imurmurhash: [ '0.1.4' ],
58 silly audit   'internal-slot': [ '1.1.0' ],
58 silly audit   'is-array-buffer': [ '3.0.5' ],
58 silly audit   'is-async-function': [ '2.1.1' ],
58 silly audit   'is-bigint': [ '1.1.0' ],
58 silly audit   'is-boolean-object': [ '1.2.2' ],
58 silly audit   'is-bun-module': [ '2.0.0' ],
58 silly audit   'is-callable': [ '1.2.7' ],
58 silly audit   'is-core-module': [ '2.16.1' ],
58 silly audit   'is-data-view': [ '1.0.2' ],
58 silly audit   'is-date-object': [ '1.1.0' ],
58 silly audit   'is-extglob': [ '2.1.1' ],
58 silly audit   'is-finalizationregistry': [ '1.1.1' ],
58 silly audit   'is-generator-function': [ '1.1.2' ],
58 silly audit   'is-glob': [ '4.0.3' ],
58 silly audit   'is-map': [ '2.0.3' ],
58 silly audit   'is-negative-zero': [ '2.0.3' ],
58 silly audit   'is-number': [ '7.0.0' ],
58 silly audit   'is-number-object': [ '1.1.1' ],
58 silly audit   'is-regex': [ '1.2.1' ],
58 silly audit   'is-set': [ '2.0.3' ],
58 silly audit   'is-shared-array-buffer': [ '1.0.4' ],
58 silly audit   'is-string': [ '1.1.1' ],
58 silly audit   'is-symbol': [ '1.1.1' ],
58 silly audit   'is-typed-array': [ '1.1.15' ],
58 silly audit   'is-weakmap': [ '2.0.2' ],
58 silly audit   'is-weakref': [ '1.1.1' ],
58 silly audit   'is-weakset': [ '2.0.4' ],
58 silly audit   isarray: [ '2.0.5' ],
58 silly audit   isexe: [ '2.0.0' ],
58 silly audit   'iterator.prototype': [ '1.1.5' ],
58 silly audit   jiti: [ '2.6.1' ],
58 silly audit   'js-tokens': [ '4.0.0' ],
58 silly audit   'js-yaml': [ '4.1.1' ],
58 silly audit   jsesc: [ '3.1.0' ],
58 silly audit   'json-buffer': [ '3.0.1' ],
58 silly audit   'json-schema-traverse': [ '0.4.1' ],
58 silly audit   'json-stable-stringify-without-jsonify': [ '1.0.1' ],
58 silly audit   json5: [ '2.2.3', '1.0.2' ],
58 silly audit   'jsx-ast-utils': [ '3.3.5' ],
58 silly audit   keyv: [ '4.5.4' ],
58 silly audit   'language-subtag-registry': [ '0.3.23' ],
58 silly audit   'language-tags': [ '1.0.9' ],
58 silly audit   levn: [ '0.4.1' ],
58 silly audit   lightningcss: [ '1.31.1' ],
58 silly audit   'lightningcss-android-arm64': [ '1.31.1' ],
58 silly audit   'lightningcss-darwin-arm64': [ '1.31.1' ],
58 silly audit   'lightningcss-darwin-x64': [ '1.31.1' ],
58 silly audit   'lightningcss-freebsd-x64': [ '1.31.1' ],
58 silly audit   'lightningcss-linux-arm-gnueabihf': [ '1.31.1' ],
58 silly audit   'lightningcss-linux-arm64-gnu': [ '1.31.1' ],
58 silly audit   'lightningcss-linux-arm64-musl': [ '1.31.1' ],
58 silly audit   'lightningcss-linux-x64-gnu': [ '1.31.1' ],
58 silly audit   'lightningcss-linux-x64-musl': [ '1.31.1' ],
58 silly audit   'lightningcss-win32-arm64-msvc': [ '1.31.1' ],
58 silly audit   'lightningcss-win32-x64-msvc': [ '1.31.1' ],
58 silly audit   'locate-path': [ '6.0.0' ],
58 silly audit   'lodash.merge': [ '4.6.2' ],
58 silly audit   'loose-envify': [ '1.4.0' ],
58 silly audit   'lru-cache': [ '5.1.1' ],
58 silly audit   'magic-string': [ '0.30.21' ],
58 silly audit   'math-intrinsics': [ '1.1.0' ],
58 silly audit   merge2: [ '1.4.1' ],
58 silly audit   micromatch: [ '4.0.8' ],
58 silly audit   minimist: [ '1.2.8' ],
58 silly audit   ms: [ '2.1.3' ],
58 silly audit   nanoid: [ '3.3.11' ],
58 silly audit   'napi-postinstall': [ '0.3.4' ],
58 silly audit   'natural-compare': [ '1.4.0' ],
58 silly audit   next: [ '16.1.6' ],
58 silly audit   postcss: [ '8.4.31', '8.5.6' ],
58 silly audit   'node-exports-info': [ '1.6.0' ],
58 silly audit   'node-releases': [ '2.0.27' ],
58 silly audit   'object-assign': [ '4.1.1' ],
58 silly audit   'object-inspect': [ '1.13.4' ],
58 silly audit   'object-keys': [ '1.1.1' ],
58 silly audit   'object.assign': [ '4.1.7' ],
58 silly audit   'object.entries': [ '1.1.9' ],
58 silly audit   'object.fromentries': [ '2.0.8' ],
58 silly audit   'object.groupby': [ '1.0.3' ],
58 silly audit   'object.values': [ '1.2.1' ],
58 silly audit   optionator: [ '0.9.4' ],
58 silly audit   'own-keys': [ '1.0.1' ],
58 silly audit   'p-limit': [ '3.1.0' ],
58 silly audit   'p-locate': [ '5.0.0' ],
58 silly audit   'parent-module': [ '1.0.1' ],
58 silly audit   'path-exists': [ '4.0.0' ],
58 silly audit   'path-key': [ '3.1.1' ],
58 silly audit   'path-parse': [ '1.0.7' ],
58 silly audit   picocolors: [ '1.1.1' ],
58 silly audit   picomatch: [ '2.3.1', '4.0.3' ],
58 silly audit   'possible-typed-array-names': [ '1.1.0' ],
58 silly audit   'prelude-ls': [ '1.2.1' ],
58 silly audit   'prop-types': [ '15.8.1' ],
58 silly audit   punycode: [ '2.3.1' ],
58 silly audit   'queue-microtask': [ '1.2.3' ],
58 silly audit   react: [ '19.2.3' ],
58 silly audit   'react-dom': [ '19.2.3' ],
58 silly audit   'react-is': [ '16.13.1' ],
58 silly audit   'reflect.getprototypeof': [ '1.0.10' ],
58 silly audit   'regexp.prototype.flags': [ '1.5.4' ],
58 silly audit   'resolve-from': [ '4.0.0' ],
58 silly audit   'resolve-pkg-maps': [ '1.0.0' ],
58 silly audit   reusify: [ '1.1.0' ],
58 silly audit   'run-parallel': [ '1.2.0' ],
58 silly audit   'safe-array-concat': [ '1.1.3' ],
58 silly audit   'safe-push-apply': [ '1.0.0' ],
58 silly audit   'safe-regex-test': [ '1.1.0' ],
58 silly audit   scheduler: [ '0.27.0' ],
58 silly audit   'set-function-length': [ '1.2.2' ],
58 silly audit   'set-function-name': [ '2.0.2' ],
58 silly audit   'set-proto': [ '1.0.0' ],
58 silly audit   sharp: [ '0.34.5' ],
58 silly audit   'shebang-command': [ '2.0.0' ],
58 silly audit   'shebang-regex': [ '3.0.0' ],
58 silly audit   'side-channel': [ '1.1.0' ],
58 silly audit   'side-channel-list': [ '1.0.0' ],
58 silly audit   'side-channel-map': [ '1.0.1' ],
58 silly audit   'side-channel-weakmap': [ '1.0.2' ],
58 silly audit   'source-map-js': [ '1.2.1' ],
58 silly audit   'stable-hash': [ '0.0.5' ],
58 silly audit   'stop-iteration-iterator': [ '1.1.0' ],
58 silly audit   'string.prototype.includes': [ '2.0.1' ],
58 silly audit   'string.prototype.matchall': [ '4.0.12' ],
58 silly audit   'string.prototype.repeat': [ '1.0.0' ],
58 silly audit   'string.prototype.trim': [ '1.2.10' ],
58 silly audit   'string.prototype.trimend': [ '1.0.9' ],
58 silly audit   'string.prototype.trimstart': [ '1.0.8' ],
58 silly audit   'strip-bom': [ '3.0.0' ],
58 silly audit   'strip-json-comments': [ '3.1.1' ],
58 silly audit   'styled-jsx': [ '5.1.6' ],
58 silly audit   'supports-color': [ '7.2.0' ],
58 silly audit   'supports-preserve-symlinks-flag': [ '1.0.0' ],
58 silly audit   tailwindcss: [ '4.2.1' ],
58 silly audit   tapable: [ '2.3.0' ],
58 silly audit   tinyglobby: [ '0.2.15' ],
58 silly audit   fdir: [ '6.5.0' ],
58 silly audit   'to-regex-range': [ '5.0.1' ],
58 silly audit   'ts-api-utils': [ '2.4.0' ],
58 silly audit   'tsconfig-paths': [ '3.15.0' ],
58 silly audit   tslib: [ '2.8.1' ],
58 silly audit   'type-check': [ '0.4.0' ],
58 silly audit   'typed-array-buffer': [ '1.0.3' ],
58 silly audit   'typed-array-byte-length': [ '1.0.3' ],
58 silly audit   'typed-array-byte-offset': [ '1.0.4' ],
58 silly audit   'typed-array-length': [ '1.0.7' ],
58 silly audit   typescript: [ '5.9.3' ],
58 silly audit   'typescript-eslint': [ '8.56.1' ],
58 silly audit   'unbox-primitive': [ '1.1.0' ],
58 silly audit   'undici-types': [ '6.21.0' ],
58 silly audit   'unrs-resolver': [ '1.11.1' ],
58 silly audit   'update-browserslist-db': [ '1.2.3' ],
58 silly audit   'uri-js': [ '4.4.1' ],
58 silly audit   which: [ '2.0.2' ],
58 silly audit   'which-boxed-primitive': [ '1.1.1' ],
58 silly audit   'which-builtin-type': [ '1.2.1' ],
58 silly audit   'which-collection': [ '1.0.2' ],
58 silly audit   'which-typed-array': [ '1.1.20' ],
58 silly audit   'word-wrap': [ '1.2.5' ],
58 silly audit   yallist: [ '3.1.1' ],
58 silly audit   'yocto-queue': [ '0.1.0' ],
58 silly audit   zod: [ '4.3.6' ],
58 silly audit   'zod-validation-error': [ '4.0.2' ],
58 silly audit   '@notionhq/client': [ '5.11.0' ],
58 silly audit   '@tailwindcss/oxide-wasm32-wasi': [ '4.2.1' ]
58 silly audit }
59 verbose reify failed optional dependency D:\private\Personal_Web\my-site\node_modules\lightningcss-win32-arm64-msvc
60 silly reify mark deleted [
60 silly reify   'D:\\private\\Personal_Web\\my-site\\node_modules\\lightningcss-win32-arm64-msvc'
60 silly reify ]
61 verbose reify failed optional dependency D:\private\Personal_Web\my-site\node_modules\lightningcss-linux-x64-musl
62 silly reify mark deleted [
62 silly reify   'D:\\private\\Personal_Web\\my-site\\node_modules\\lightningcss-linux-x64-musl'
62 silly reify ]
63 verbose reify failed optional dependency D:\private\Personal_Web\my-site\node_modules\lightningcss-linux-x64-gnu
64 silly reify mark deleted [
64 silly reify   'D:\\private\\Personal_Web\\my-site\\node_modules\\lightningcss-linux-x64-gnu'
64 silly reify ]
65 verbose reify failed optional dependency D:\private\Personal_Web\my-site\node_modules\lightningcss-linux-arm64-musl
66 silly reify mark deleted [
66 silly reify   'D:\\private\\Personal_Web\\my-site\\node_modules\\lightningcss-linux-arm64-musl'
66 silly reify ]
67 verbose reify failed optional dependency D:\private\Personal_Web\my-site\node_modules\lightningcss-linux-arm64-gnu
68 silly reify mark deleted [
68 silly reify   'D:\\private\\Personal_Web\\my-site\\node_modules\\lightningcss-linux-arm64-gnu'
68 silly reify ]
69 verbose reify failed optional dependency D:\private\Personal_Web\my-site\node_modules\lightningcss-linux-arm-gnueabihf
70 silly reify mark deleted [
70 silly reify   'D:\\private\\Personal_Web\\my-site\\node_modules\\lightningcss-linux-arm-gnueabihf'
70 silly reify ]
71 verbose reify failed optional dependency D:\private\Personal_Web\my-site\node_modules\lightningcss-freebsd-x64
72 silly reify mark deleted [
72 silly reify   'D:\\private\\Personal_Web\\my-site\\node_modules\\lightningcss-freebsd-x64'
72 silly reify ]
73 verbose reify failed optional dependency D:\private\Personal_Web\my-site\node_modules\lightningcss-darwin-x64
74 silly reify mark deleted [
74 silly reify   'D:\\private\\Personal_Web\\my-site\\node_modules\\lightningcss-darwin-x64'
74 silly reify ]
75 verbose reify failed optional dependency D:\private\Personal_Web\my-site\node_modules\lightningcss-darwin-arm64
76 silly reify mark deleted [
76 silly reify   'D:\\private\\Personal_Web\\my-site\\node_modules\\lightningcss-darwin-arm64'
76 silly reify ]
77 verbose reify failed optional dependency D:\private\Personal_Web\my-site\node_modules\lightningcss-android-arm64
78 silly reify mark deleted [
78 silly reify   'D:\\private\\Personal_Web\\my-site\\node_modules\\lightningcss-android-arm64'
78 silly reify ]
79 verbose reify failed optional dependency D:\private\Personal_Web\my-site\node_modules\@unrs\resolver-binding-win32-ia32-msvc
80 silly reify mark deleted [
80 silly reify   'D:\\private\\Personal_Web\\my-site\\node_modules\\@unrs\\resolver-binding-win32-ia32-msvc'
80 silly reify ]
81 verbose reify failed optional dependency D:\private\Personal_Web\my-site\node_modules\@unrs\resolver-binding-win32-arm64-msvc
82 silly reify mark deleted [
82 silly reify   'D:\\private\\Personal_Web\\my-site\\node_modules\\@unrs\\resolver-binding-win32-arm64-msvc'
82 silly reify ]
83 verbose reify failed optional dependency D:\private\Personal_Web\my-site\node_modules\@unrs\resolver-binding-wasm32-wasi
84 silly reify mark deleted [
84 silly reify   'D:\\private\\Personal_Web\\my-site\\node_modules\\@unrs\\resolver-binding-wasm32-wasi'
84 silly reify ]
85 verbose reify failed optional dependency D:\private\Personal_Web\my-site\node_modules\@unrs\resolver-binding-linux-x64-musl
86 silly reify mark deleted [
86 silly reify   'D:\\private\\Personal_Web\\my-site\\node_modules\\@unrs\\resolver-binding-linux-x64-musl'
86 silly reify ]
87 verbose reify failed optional dependency D:\private\Personal_Web\my-site\node_modules\@unrs\resolver-binding-linux-x64-gnu
88 silly reify mark deleted [
88 silly reify   'D:\\private\\Personal_Web\\my-site\\node_modules\\@unrs\\resolver-binding-linux-x64-gnu'
88 silly reify ]
89 verbose reify failed optional dependency D:\private\Personal_Web\my-site\node_modules\@unrs\resolver-binding-linux-s390x-gnu
90 silly reify mark deleted [
90 silly reify   'D:\\private\\Personal_Web\\my-site\\node_modules\\@unrs\\resolver-binding-linux-s390x-gnu'
90 silly reify ]
91 verbose reify failed optional dependency D:\private\Personal_Web\my-site\node_modules\@unrs\resolver-binding-linux-riscv64-musl
92 silly reify mark deleted [
92 silly reify   'D:\\private\\Personal_Web\\my-site\\node_modules\\@unrs\\resolver-binding-linux-riscv64-musl'
92 silly reify ]
93 verbose reify failed optional dependency D:\private\Personal_Web\my-site\node_modules\@unrs\resolver-binding-linux-riscv64-gnu
94 silly reify mark deleted [
94 silly reify   'D:\\private\\Personal_Web\\my-site\\node_modules\\@unrs\\resolver-binding-linux-riscv64-gnu'
94 silly reify ]
95 verbose reify failed optional dependency D:\private\Personal_Web\my-site\node_modules\@unrs\resolver-binding-linux-ppc64-gnu
96 silly reify mark deleted [
96 silly reify   'D:\\private\\Personal_Web\\my-site\\node_modules\\@unrs\\resolver-binding-linux-ppc64-gnu'
96 silly reify ]
97 verbose reify failed optional dependency D:\private\Personal_Web\my-site\node_modules\@unrs\resolver-binding-linux-arm64-musl
98 silly reify mark deleted [
98 silly reify   'D:\\private\\Personal_Web\\my-site\\node_modules\\@unrs\\resolver-binding-linux-arm64-musl'
98 silly reify ]
99 verbose reify failed optional dependency D:\private\Personal_Web\my-site\node_modules\@unrs\resolver-binding-linux-arm64-gnu
100 silly reify mark deleted [
100 silly reify   'D:\\private\\Personal_Web\\my-site\\node_modules\\@unrs\\resolver-binding-linux-arm64-gnu'
100 silly reify ]
101 verbose reify failed optional dependency D:\private\Personal_Web\my-site\node_modules\@unrs\resolver-binding-linux-arm-musleabihf
102 silly reify mark deleted [
102 silly reify   'D:\\private\\Personal_Web\\my-site\\node_modules\\@unrs\\resolver-binding-linux-arm-musleabihf'
102 silly reify ]
103 verbose reify failed optional dependency D:\private\Personal_Web\my-site\node_modules\@unrs\resolver-binding-linux-arm-gnueabihf
104 silly reify mark deleted [
104 silly reify   'D:\\private\\Personal_Web\\my-site\\node_modules\\@unrs\\resolver-binding-linux-arm-gnueabihf'
104 silly reify ]
105 verbose reify failed optional dependency D:\private\Personal_Web\my-site\node_modules\@unrs\resolver-binding-freebsd-x64
106 silly reify mark deleted [
106 silly reify   'D:\\private\\Personal_Web\\my-site\\node_modules\\@unrs\\resolver-binding-freebsd-x64'
106 silly reify ]
107 verbose reify failed optional dependency D:\private\Personal_Web\my-site\node_modules\@unrs\resolver-binding-darwin-x64
108 silly reify mark deleted [
108 silly reify   'D:\\private\\Personal_Web\\my-site\\node_modules\\@unrs\\resolver-binding-darwin-x64'
108 silly reify ]
109 verbose reify failed optional dependency D:\private\Personal_Web\my-site\node_modules\@unrs\resolver-binding-darwin-arm64
110 silly reify mark deleted [
110 silly reify   'D:\\private\\Personal_Web\\my-site\\node_modules\\@unrs\\resolver-binding-darwin-arm64'
110 silly reify ]
111 verbose reify failed optional dependency D:\private\Personal_Web\my-site\node_modules\@unrs\resolver-binding-android-arm64
112 silly reify mark deleted [
112 silly reify   'D:\\private\\Personal_Web\\my-site\\node_modules\\@unrs\\resolver-binding-android-arm64'
112 silly reify ]
113 verbose reify failed optional dependency D:\private\Personal_Web\my-site\node_modules\@unrs\resolver-binding-android-arm-eabi
114 silly reify mark deleted [
114 silly reify   'D:\\private\\Personal_Web\\my-site\\node_modules\\@unrs\\resolver-binding-android-arm-eabi'
114 silly reify ]
115 verbose reify failed optional dependency D:\private\Personal_Web\my-site\node_modules\@tailwindcss\oxide-win32-arm64-msvc
116 silly reify mark deleted [
116 silly reify   'D:\\private\\Personal_Web\\my-site\\node_modules\\@tailwindcss\\oxide-win32-arm64-msvc'
116 silly reify ]
117 verbose reify failed optional dependency D:\private\Personal_Web\my-site\node_modules\@tailwindcss\oxide-linux-x64-musl
118 silly reify mark deleted [
118 silly reify   'D:\\private\\Personal_Web\\my-site\\node_modules\\@tailwindcss\\oxide-linux-x64-musl'
118 silly reify ]
119 verbose reify failed optional dependency D:\private\Personal_Web\my-site\node_modules\@tailwindcss\oxide-linux-x64-gnu
120 silly reify mark deleted [
120 silly reify   'D:\\private\\Personal_Web\\my-site\\node_modules\\@tailwindcss\\oxide-linux-x64-gnu'
120 silly reify ]
121 verbose reify failed optional dependency D:\private\Personal_Web\my-site\node_modules\@tailwindcss\oxide-linux-arm64-musl
122 silly reify mark deleted [
122 silly reify   'D:\\private\\Personal_Web\\my-site\\node_modules\\@tailwindcss\\oxide-linux-arm64-musl'
122 silly reify ]
123 verbose reify failed optional dependency D:\private\Personal_Web\my-site\node_modules\@tailwindcss\oxide-linux-arm64-gnu
124 silly reify mark deleted [
124 silly reify   'D:\\private\\Personal_Web\\my-site\\node_modules\\@tailwindcss\\oxide-linux-arm64-gnu'
124 silly reify ]
125 verbose reify failed optional dependency D:\private\Personal_Web\my-site\node_modules\@tailwindcss\oxide-linux-arm-gnueabihf
126 silly reify mark deleted [
126 silly reify   'D:\\private\\Personal_Web\\my-site\\node_modules\\@tailwindcss\\oxide-linux-arm-gnueabihf'
126 silly reify ]
127 verbose reify failed optional dependency D:\private\Personal_Web\my-site\node_modules\@tailwindcss\oxide-freebsd-x64
128 silly reify mark deleted [
128 silly reify   'D:\\private\\Personal_Web\\my-site\\node_modules\\@tailwindcss\\oxide-freebsd-x64'
128 silly reify ]
129 verbose reify failed optional dependency D:\private\Personal_Web\my-site\node_modules\@tailwindcss\oxide-darwin-x64
130 silly reify mark deleted [
130 silly reify   'D:\\private\\Personal_Web\\my-site\\node_modules\\@tailwindcss\\oxide-darwin-x64'
130 silly reify ]
131 verbose reify failed optional dependency D:\private\Personal_Web\my-site\node_modules\@tailwindcss\oxide-darwin-arm64
132 silly reify mark deleted [
132 silly reify   'D:\\private\\Personal_Web\\my-site\\node_modules\\@tailwindcss\\oxide-darwin-arm64'
132 silly reify ]
133 verbose reify failed optional dependency D:\private\Personal_Web\my-site\node_modules\@tailwindcss\oxide-android-arm64
134 silly reify mark deleted [
134 silly reify   'D:\\private\\Personal_Web\\my-site\\node_modules\\@tailwindcss\\oxide-android-arm64'
134 silly reify ]
135 verbose reify failed optional dependency D:\private\Personal_Web\my-site\node_modules\@next\swc-win32-arm64-msvc
136 silly reify mark deleted [
136 silly reify   'D:\\private\\Personal_Web\\my-site\\node_modules\\@next\\swc-win32-arm64-msvc'
136 silly reify ]
137 verbose reify failed optional dependency D:\private\Personal_Web\my-site\node_modules\@next\swc-linux-x64-musl
138 silly reify mark deleted [
138 silly reify   'D:\\private\\Personal_Web\\my-site\\node_modules\\@next\\swc-linux-x64-musl'
138 silly reify ]
139 verbose reify failed optional dependency D:\private\Personal_Web\my-site\node_modules\@next\swc-linux-x64-gnu
140 silly reify mark deleted [
140 silly reify   'D:\\private\\Personal_Web\\my-site\\node_modules\\@next\\swc-linux-x64-gnu'
140 silly reify ]
141 verbose reify failed optional dependency D:\private\Personal_Web\my-site\node_modules\@next\swc-linux-arm64-musl
142 silly reify mark deleted [
142 silly reify   'D:\\private\\Personal_Web\\my-site\\node_modules\\@next\\swc-linux-arm64-musl'
142 silly reify ]
143 verbose reify failed optional dependency D:\private\Personal_Web\my-site\node_modules\@next\swc-linux-arm64-gnu
144 silly reify mark deleted [
144 silly reify   'D:\\private\\Personal_Web\\my-site\\node_modules\\@next\\swc-linux-arm64-gnu'
144 silly reify ]
145 verbose reify failed optional dependency D:\private\Personal_Web\my-site\node_modules\@next\swc-darwin-x64
146 silly reify mark deleted [
146 silly reify   'D:\\private\\Personal_Web\\my-site\\node_modules\\@next\\swc-darwin-x64'
146 silly reify ]
147 verbose reify failed optional dependency D:\private\Personal_Web\my-site\node_modules\@next\swc-darwin-arm64
148 silly reify mark deleted [
148 silly reify   'D:\\private\\Personal_Web\\my-site\\node_modules\\@next\\swc-darwin-arm64'
148 silly reify ]
149 verbose reify failed optional dependency D:\private\Personal_Web\my-site\node_modules\@img\sharp-win32-ia32
150 silly reify mark deleted [
150 silly reify   'D:\\private\\Personal_Web\\my-site\\node_modules\\@img\\sharp-win32-ia32'
150 silly reify ]
151 verbose reify failed optional dependency D:\private\Personal_Web\my-site\node_modules\@img\sharp-win32-arm64
152 silly reify mark deleted [
152 silly reify   'D:\\private\\Personal_Web\\my-site\\node_modules\\@img\\sharp-win32-arm64'
152 silly reify ]
153 verbose reify failed optional dependency D:\private\Personal_Web\my-site\node_modules\@img\sharp-wasm32
154 silly reify mark deleted [
154 silly reify   'D:\\private\\Personal_Web\\my-site\\node_modules\\@img\\sharp-wasm32'
154 silly reify ]
155 verbose reify failed optional dependency D:\private\Personal_Web\my-site\node_modules\@img\sharp-linuxmusl-x64
156 silly reify mark deleted [
156 silly reify   'D:\\private\\Personal_Web\\my-site\\node_modules\\@img\\sharp-linuxmusl-x64'
156 silly reify ]
157 verbose reify failed optional dependency D:\private\Personal_Web\my-site\node_modules\@img\sharp-linuxmusl-arm64
158 silly reify mark deleted [
158 silly reify   'D:\\private\\Personal_Web\\my-site\\node_modules\\@img\\sharp-linuxmusl-arm64'
158 silly reify ]
159 verbose reify failed optional dependency D:\private\Personal_Web\my-site\node_modules\@img\sharp-linux-x64
160 silly reify mark deleted [
160 silly reify   'D:\\private\\Personal_Web\\my-site\\node_modules\\@img\\sharp-linux-x64'
160 silly reify ]
161 verbose reify failed optional dependency D:\private\Personal_Web\my-site\node_modules\@img\sharp-linux-s390x
162 silly reify mark deleted [
162 silly reify   'D:\\private\\Personal_Web\\my-site\\node_modules\\@img\\sharp-linux-s390x'
162 silly reify ]
163 verbose reify failed optional dependency D:\private\Personal_Web\my-site\node_modules\@img\sharp-linux-riscv64
164 silly reify mark deleted [
164 silly reify   'D:\\private\\Personal_Web\\my-site\\node_modules\\@img\\sharp-linux-riscv64'
164 silly reify ]
165 verbose reify failed optional dependency D:\private\Personal_Web\my-site\node_modules\@img\sharp-linux-ppc64
166 silly reify mark deleted [
166 silly reify   'D:\\private\\Personal_Web\\my-site\\node_modules\\@img\\sharp-linux-ppc64'
166 silly reify ]
167 verbose reify failed optional dependency D:\private\Personal_Web\my-site\node_modules\@img\sharp-linux-arm64
168 silly reify mark deleted [
168 silly reify   'D:\\private\\Personal_Web\\my-site\\node_modules\\@img\\sharp-linux-arm64'
168 silly reify ]
169 verbose reify failed optional dependency D:\private\Personal_Web\my-site\node_modules\@img\sharp-linux-arm
170 silly reify mark deleted [
170 silly reify   'D:\\private\\Personal_Web\\my-site\\node_modules\\@img\\sharp-linux-arm'
170 silly reify ]
171 verbose reify failed optional dependency D:\private\Personal_Web\my-site\node_modules\@img\sharp-libvips-linuxmusl-x64
172 silly reify mark deleted [
172 silly reify   'D:\\private\\Personal_Web\\my-site\\node_modules\\@img\\sharp-libvips-linuxmusl-x64'
172 silly reify ]
173 verbose reify failed optional dependency D:\private\Personal_Web\my-site\node_modules\@img\sharp-libvips-linuxmusl-arm64
174 silly reify mark deleted [
174 silly reify   'D:\\private\\Personal_Web\\my-site\\node_modules\\@img\\sharp-libvips-linuxmusl-arm64'
174 silly reify ]
175 verbose reify failed optional dependency D:\private\Personal_Web\my-site\node_modules\@img\sharp-libvips-linux-x64
176 silly reify mark deleted [
176 silly reify   'D:\\private\\Personal_Web\\my-site\\node_modules\\@img\\sharp-libvips-linux-x64'
176 silly reify ]
177 verbose reify failed optional dependency D:\private\Personal_Web\my-site\node_modules\@img\sharp-libvips-linux-s390x
178 silly reify mark deleted [
178 silly reify   'D:\\private\\Personal_Web\\my-site\\node_modules\\@img\\sharp-libvips-linux-s390x'
178 silly reify ]
179 verbose reify failed optional dependency D:\private\Personal_Web\my-site\node_modules\@img\sharp-libvips-linux-riscv64
180 silly reify mark deleted [
180 silly reify   'D:\\private\\Personal_Web\\my-site\\node_modules\\@img\\sharp-libvips-linux-riscv64'
180 silly reify ]
181 verbose reify failed optional dependency D:\private\Personal_Web\my-site\node_modules\@img\sharp-libvips-linux-ppc64
182 silly reify mark deleted [
182 silly reify   'D:\\private\\Personal_Web\\my-site\\node_modules\\@img\\sharp-libvips-linux-ppc64'
182 silly reify ]
183 verbose reify failed optional dependency D:\private\Personal_Web\my-site\node_modules\@img\sharp-libvips-linux-arm64
184 silly reify mark deleted [
184 silly reify   'D:\\private\\Personal_Web\\my-site\\node_modules\\@img\\sharp-libvips-linux-arm64'
184 silly reify ]
185 verbose reify failed optional dependency D:\private\Personal_Web\my-site\node_modules\@img\sharp-libvips-linux-arm
186 silly reify mark deleted [
186 silly reify   'D:\\private\\Personal_Web\\my-site\\node_modules\\@img\\sharp-libvips-linux-arm'
186 silly reify ]
187 verbose reify failed optional dependency D:\private\Personal_Web\my-site\node_modules\@img\sharp-libvips-darwin-x64
188 silly reify mark deleted [
188 silly reify   'D:\\private\\Personal_Web\\my-site\\node_modules\\@img\\sharp-libvips-darwin-x64'
188 silly reify ]
189 verbose reify failed optional dependency D:\private\Personal_Web\my-site\node_modules\@img\sharp-libvips-darwin-arm64
190 silly reify mark deleted [
190 silly reify   'D:\\private\\Personal_Web\\my-site\\node_modules\\@img\\sharp-libvips-darwin-arm64'
190 silly reify ]
191 verbose reify failed optional dependency D:\private\Personal_Web\my-site\node_modules\@img\sharp-darwin-x64
192 silly reify mark deleted [
192 silly reify   'D:\\private\\Personal_Web\\my-site\\node_modules\\@img\\sharp-darwin-x64'
192 silly reify ]
193 verbose reify failed optional dependency D:\private\Personal_Web\my-site\node_modules\@img\sharp-darwin-arm64
194 silly reify mark deleted [
194 silly reify   'D:\\private\\Personal_Web\\my-site\\node_modules\\@img\\sharp-darwin-arm64'
194 silly reify ]
195 timing reifyNode:node_modules/lightningcss-win32-arm64-msvc Completed in 10ms
196 timing reifyNode:node_modules/lightningcss-linux-x64-musl Completed in 10ms
197 timing reifyNode:node_modules/lightningcss-linux-x64-gnu Completed in 10ms
198 timing reifyNode:node_modules/lightningcss-linux-arm64-musl Completed in 10ms
199 timing reifyNode:node_modules/lightningcss-linux-arm64-gnu Completed in 10ms
200 timing reifyNode:node_modules/lightningcss-linux-arm-gnueabihf Completed in 10ms
201 timing reifyNode:node_modules/lightningcss-freebsd-x64 Completed in 10ms
202 timing reifyNode:node_modules/lightningcss-darwin-x64 Completed in 10ms
203 timing reifyNode:node_modules/lightningcss-darwin-arm64 Completed in 10ms
204 timing reifyNode:node_modules/lightningcss-android-arm64 Completed in 10ms
205 timing reifyNode:node_modules/@unrs/resolver-binding-win32-ia32-msvc Completed in 10ms
206 timing reifyNode:node_modules/@unrs/resolver-binding-win32-arm64-msvc Completed in 10ms
207 timing reifyNode:node_modules/@unrs/resolver-binding-wasm32-wasi Completed in 9ms
208 timing reifyNode:node_modules/@unrs/resolver-binding-linux-x64-musl Completed in 9ms
209 timing reifyNode:node_modules/@unrs/resolver-binding-linux-x64-gnu Completed in 9ms
210 timing reifyNode:node_modules/@unrs/resolver-binding-linux-s390x-gnu Completed in 9ms
211 timing reifyNode:node_modules/@unrs/resolver-binding-linux-riscv64-musl Completed in 9ms
212 timing reifyNode:node_modules/@unrs/resolver-binding-linux-riscv64-gnu Completed in 9ms
213 timing reifyNode:node_modules/@unrs/resolver-binding-linux-ppc64-gnu Completed in 9ms
214 timing reifyNode:node_modules/@unrs/resolver-binding-linux-arm64-musl Completed in 9ms
215 timing reifyNode:node_modules/@unrs/resolver-binding-linux-arm64-gnu Completed in 9ms
216 timing reifyNode:node_modules/@unrs/resolver-binding-linux-arm-musleabihf Completed in 9ms
217 timing reifyNode:node_modules/@unrs/resolver-binding-linux-arm-gnueabihf Completed in 9ms
218 timing reifyNode:node_modules/@unrs/resolver-binding-freebsd-x64 Completed in 10ms
219 timing reifyNode:node_modules/@unrs/resolver-binding-darwin-x64 Completed in 10ms
220 timing reifyNode:node_modules/@unrs/resolver-binding-darwin-arm64 Completed in 10ms
221 timing reifyNode:node_modules/@unrs/resolver-binding-android-arm64 Completed in 10ms
222 timing reifyNode:node_modules/@unrs/resolver-binding-android-arm-eabi Completed in 10ms
223 timing reifyNode:node_modules/@tailwindcss/oxide-win32-arm64-msvc Completed in 10ms
224 timing reifyNode:node_modules/@tailwindcss/oxide-linux-x64-musl Completed in 10ms
225 timing reifyNode:node_modules/@tailwindcss/oxide-linux-x64-gnu Completed in 10ms
226 timing reifyNode:node_modules/@tailwindcss/oxide-linux-arm64-musl Completed in 10ms
227 timing reifyNode:node_modules/@tailwindcss/oxide-linux-arm64-gnu Completed in 10ms
228 timing reifyNode:node_modules/@tailwindcss/oxide-linux-arm-gnueabihf Completed in 10ms
229 timing reifyNode:node_modules/@tailwindcss/oxide-freebsd-x64 Completed in 10ms
230 timing reifyNode:node_modules/@tailwindcss/oxide-darwin-x64 Completed in 9ms
231 timing reifyNode:node_modules/@tailwindcss/oxide-darwin-arm64 Completed in 9ms
232 timing reifyNode:node_modules/@tailwindcss/oxide-android-arm64 Completed in 9ms
233 timing reifyNode:node_modules/@next/swc-win32-arm64-msvc Completed in 9ms
234 timing reifyNode:node_modules/@next/swc-linux-x64-musl Completed in 9ms
235 timing reifyNode:node_modules/@next/swc-linux-x64-gnu Completed in 9ms
236 timing reifyNode:node_modules/@next/swc-linux-arm64-musl Completed in 9ms
237 timing reifyNode:node_modules/@next/swc-linux-arm64-gnu Completed in 9ms
238 timing reifyNode:node_modules/@next/swc-darwin-x64 Completed in 9ms
239 timing reifyNode:node_modules/@next/swc-darwin-arm64 Completed in 9ms
240 timing reifyNode:node_modules/@img/sharp-win32-ia32 Completed in 9ms
241 timing reifyNode:node_modules/@img/sharp-win32-arm64 Completed in 9ms
242 timing reifyNode:node_modules/@img/sharp-wasm32 Completed in 9ms
243 timing reifyNode:node_modules/@img/sharp-linuxmusl-x64 Completed in 9ms
244 timing reifyNode:node_modules/@img/sharp-linuxmusl-arm64 Completed in 9ms
245 timing reifyNode:node_modules/@img/sharp-linux-x64 Completed in 9ms
246 timing reifyNode:node_modules/@img/sharp-linux-s390x Completed in 9ms
247 timing reifyNode:node_modules/@img/sharp-linux-riscv64 Completed in 9ms
248 timing reifyNode:node_modules/@img/sharp-linux-ppc64 Completed in 9ms
249 timing reifyNode:node_modules/@img/sharp-linux-arm64 Completed in 9ms
250 timing reifyNode:node_modules/@img/sharp-linux-arm Completed in 9ms
251 timing reifyNode:node_modules/@img/sharp-libvips-linuxmusl-x64 Completed in 9ms
252 timing reifyNode:node_modules/@img/sharp-libvips-linuxmusl-arm64 Completed in 9ms
253 timing reifyNode:node_modules/@img/sharp-libvips-linux-x64 Completed in 8ms
254 timing reifyNode:node_modules/@img/sharp-libvips-linux-s390x Completed in 8ms
255 timing reifyNode:node_modules/@img/sharp-libvips-linux-riscv64 Completed in 8ms
256 timing reifyNode:node_modules/@img/sharp-libvips-linux-ppc64 Completed in 8ms
257 timing reifyNode:node_modules/@img/sharp-libvips-linux-arm64 Completed in 8ms
258 timing reifyNode:node_modules/@img/sharp-libvips-linux-arm Completed in 8ms
259 timing reifyNode:node_modules/@img/sharp-libvips-darwin-x64 Completed in 8ms
260 timing reifyNode:node_modules/@img/sharp-libvips-darwin-arm64 Completed in 9ms
261 timing reifyNode:node_modules/@img/sharp-darwin-x64 Completed in 9ms
262 timing reifyNode:node_modules/@img/sharp-darwin-arm64 Completed in 9ms
263 timing reify:unpack Completed in 12ms
264 timing reify:unretire Completed in 0ms
265 timing build:queue Completed in 2ms
266 timing build:deps Completed in 3ms
267 timing build Completed in 4ms
268 timing reify:build Completed in 4ms
269 timing reify:trash Completed in 5ms
270 http fetch POST 404 https://registry.npmmirror.com/-/npm/v1/security/advisories/bulk 27ms
271 silly audit bulk request failed [object Object]
272 http fetch POST 404 https://registry.npmmirror.com/-/npm/v1/security/audits/quick 121ms
273 verbose audit error HttpErrorGeneral: 404 Not Found - POST https://registry.npmmirror.com/-/npm/v1/security/audits/quick - [NOT_IMPLEMENTED] /-/npm/v1/security/* not implemented yet
273 verbose audit error     at D:\Download\Nodejs\nodejs\node_modules\npm\node_modules\npm-registry-fetch\lib\check-response.js:95:15
273 verbose audit error     at process.processTicksAndRejections (node:internal/process/task_queues:95:5)
273 verbose audit error     at async [getReport] (D:\Download\Nodejs\nodejs\node_modules\npm\node_modules\@npmcli\arborist\lib\audit-report.js:335:21)
273 verbose audit error     at async AuditReport.run (D:\Download\Nodejs\nodejs\node_modules\npm\node_modules\@npmcli\arborist\lib\audit-report.js:106:19) {
273 verbose audit error   headers: [Object: null prototype] {
273 verbose audit error     server: [ 'Tengine' ],
273 verbose audit error     date: [ 'Mon, 02 Mar 2026 03:26:51 GMT' ],
273 verbose audit error     'content-type': [ 'application/json' ],
273 verbose audit error     'transfer-encoding': [ 'chunked' ],
273 verbose audit error     connection: [ 'keep-alive' ],
273 verbose audit error     'strict-transport-security': [ 'max-age=5184000' ],
273 verbose audit error     via: [ 'cache1.cn1922[,404666]' ],
273 verbose audit error     'timing-allow-origin': [ '*' ],
273 verbose audit error     eagleid: [ '2bf8e71517724220110713274e' ],
273 verbose audit error     'x-fetch-attempts': [ '1' ]
273 verbose audit error   },
273 verbose audit error   statusCode: 404,
273 verbose audit error   code: 'E404',
273 verbose audit error   method: 'POST',
273 verbose audit error   uri: 'https://registry.npmmirror.com/-/npm/v1/security/audits/quick',
273 verbose audit error   body: {
273 verbose audit error     error: '[NOT_IMPLEMENTED] /-/npm/v1/security/* not implemented yet'
273 verbose audit error   },
273 verbose audit error   pkgid: undefined
273 verbose audit error }
274 silly audit error [object Object]
275 timing auditReport:getReport Completed in 259ms
276 silly audit report null
277 timing reify:audit Completed in 260ms
278 timing reify:save Completed in 230ms
279 timing reify Completed in 1769ms
280 silly ADD
281 silly ADD
282 silly ADD
283 silly ADD
284 silly ADD
285 silly ADD
286 silly ADD
287 silly ADD
288 silly ADD
289 silly ADD
290 silly ADD
291 silly ADD
292 silly ADD
293 silly ADD
294 silly ADD
295 silly ADD
296 silly ADD
297 silly ADD
298 silly ADD
299 silly ADD
300 silly ADD
301 silly ADD
302 silly ADD
303 silly ADD
304 silly ADD
305 silly ADD
306 silly ADD
307 silly ADD
308 silly ADD
309 silly ADD
310 silly ADD
311 silly ADD
312 silly ADD
313 silly ADD
314 silly ADD
315 silly ADD
316 silly ADD
317 silly ADD
318 silly ADD
319 silly ADD
320 silly ADD
321 silly ADD
322 silly ADD
323 silly ADD
324 silly ADD
325 silly ADD
326 silly ADD
327 silly ADD
328 silly ADD
329 silly ADD
330 silly ADD
331 silly ADD
332 silly ADD
333 silly ADD
334 silly ADD
335 silly ADD
336 silly ADD
337 silly ADD
338 silly ADD
339 silly ADD
340 silly ADD
341 silly ADD
342 silly ADD
343 silly ADD
344 silly ADD
345 silly ADD
346 silly ADD
347 silly ADD
348 silly ADD
349 timing command:install Completed in 1776ms
350 verbose exit 0
351 timing npm Completed in 2300ms
352 info ok
